0 info it worked if it ends with ok
1 verbose cli [ '/usr/bin/nodejs',
1 verbose cli   '/usr/bin/npm',
1 verbose cli   'install',
1 verbose cli   '-g',
1 verbose cli   'ng-annotate' ]
2 info using npm@1.3.10
3 info using node@v0.10.25
4 verbose cache add [ 'ng-annotate', null ]
5 verbose cache add name=undefined spec="ng-annotate" args=["ng-annotate",null]
6 verbose parsed url { protocol: null,
6 verbose parsed url   slashes: null,
6 verbose parsed url   auth: null,
6 verbose parsed url   host: null,
6 verbose parsed url   port: null,
6 verbose parsed url   hostname: null,
6 verbose parsed url   hash: null,
6 verbose parsed url   search: null,
6 verbose parsed url   query: null,
6 verbose parsed url   pathname: 'ng-annotate',
6 verbose parsed url   path: 'ng-annotate',
6 verbose parsed url   href: 'ng-annotate' }
7 silly lockFile 3a26f203-ng-annotate ng-annotate
8 verbose lock ng-annotate /home/musembi/.npm/3a26f203-ng-annotate.lock
9 silly lockFile 3a26f203-ng-annotate ng-annotate
10 silly lockFile 3a26f203-ng-annotate ng-annotate
11 verbose addNamed [ 'ng-annotate', '' ]
12 verbose addNamed [ null, '*' ]
13 silly lockFile b1c6a8ab-ng-annotate ng-annotate@
14 verbose lock ng-annotate@ /home/musembi/.npm/b1c6a8ab-ng-annotate.lock
15 silly addNameRange { name: 'ng-annotate', range: '*', hasData: false }
16 verbose url raw ng-annotate
17 verbose url resolving [ 'https://registry.npmjs.org/', './ng-annotate' ]
18 verbose url resolved https://registry.npmjs.org/ng-annotate
19 info trying registry request attempt 1 at 11:40:34
20 verbose etag "1D64C13XWM7NUR6ZXWMRYO2F"
21 http GET https://registry.npmjs.org/ng-annotate
22 http 304 https://registry.npmjs.org/ng-annotate
23 silly registry.get cb [ 304,
23 silly registry.get   { date: 'Mon, 13 Jul 2015 08:40:41 GMT',
23 silly registry.get     via: '1.1 varnish',
23 silly registry.get     'cache-control': 'max-age=60',
23 silly registry.get     etag: '"1D64C13XWM7NUR6ZXWMRYO2F"',
23 silly registry.get     age: '29',
23 silly registry.get     connection: 'keep-alive',
23 silly registry.get     'x-served-by': 'cache-lhr6332-LHR',
23 silly registry.get     'x-cache': 'HIT',
23 silly registry.get     'x-cache-hits': '1',
23 silly registry.get     'x-timer': 'S1436776841.078853,VS0,VE1',
23 silly registry.get     vary: 'Accept' } ]
24 verbose etag ng-annotate from cache
25 silly addNameRange number 2 { name: 'ng-annotate', range: '*', hasData: true }
26 silly addNameRange versions [ 'ng-annotate',
26 silly addNameRange   [ '0.1.0',
26 silly addNameRange     '0.1.1',
26 silly addNameRange     '0.1.2',
26 silly addNameRange     '0.2.0',
26 silly addNameRange     '0.3.0',
26 silly addNameRange     '0.3.1',
26 silly addNameRange     '0.3.2',
26 silly addNameRange     '0.3.3',
26 silly addNameRange     '0.4.0',
26 silly addNameRange     '0.5.0',
26 silly addNameRange     '0.6.0',
26 silly addNameRange     '0.7.0',
26 silly addNameRange     '0.7.1',
26 silly addNameRange     '0.7.2',
26 silly addNameRange     '0.7.3',
26 silly addNameRange     '0.8.0',
26 silly addNameRange     '0.9.0',
26 silly addNameRange     '0.9.1',
26 silly addNameRange     '0.9.2',
26 silly addNameRange     '0.9.3',
26 silly addNameRange     '0.9.4',
26 silly addNameRange     '0.9.5',
26 silly addNameRange     '0.9.6',
26 silly addNameRange     '0.9.7',
26 silly addNameRange     '0.9.8',
26 silly addNameRange     '0.9.9',
26 silly addNameRange     '0.9.10',
26 silly addNameRange     '0.9.11',
26 silly addNameRange     '0.10.0',
26 silly addNameRange     '0.10.1',
26 silly addNameRange     '0.10.2',
26 silly addNameRange     '0.10.3',
26 silly addNameRange     '0.11.0',
26 silly addNameRange     '0.12.0',
26 silly addNameRange     '0.12.1',
26 silly addNameRange     '0.13.0',
26 silly addNameRange     '0.14.0',
26 silly addNameRange     '0.14.1',
26 silly addNameRange     '0.15.0',
26 silly addNameRange     '0.15.1',
26 silly addNameRange     '0.15.2',
26 silly addNameRange     '0.15.3',
26 silly addNameRange     '0.15.4',
26 silly addNameRange     '1.0.0',
26 silly addNameRange     '1.0.1' ] ]
27 verbose addNamed [ 'ng-annotate', '1.0.1' ]
28 verbose addNamed [ '1.0.1', '1.0.1' ]
29 silly lockFile 8f8aac8e-ng-annotate-1-0-1 ng-annotate@1.0.1
30 verbose lock ng-annotate@1.0.1 /home/musembi/.npm/8f8aac8e-ng-annotate-1-0-1.lock
31 silly lockFile 053fa56a-g-annotate-ng-annotate-1-0-1-tgz https://registry.npmjs.org/ng-annotate/-/ng-annotate-1.0.1.tgz
32 verbose lock https://registry.npmjs.org/ng-annotate/-/ng-annotate-1.0.1.tgz /home/musembi/.npm/053fa56a-g-annotate-ng-annotate-1-0-1-tgz.lock
33 verbose addRemoteTarball [ 'https://registry.npmjs.org/ng-annotate/-/ng-annotate-1.0.1.tgz',
33 verbose addRemoteTarball   '46a18bac3d3f876c8c382ec78f19c3b74d206811' ]
34 info retry fetch attempt 1 at 11:40:48
35 verbose fetch to= /home/musembi/tmp/npm-7921-HAPaUxQy/1436776848185-0.912960423855111/tmp.tgz
36 http GET https://registry.npmjs.org/ng-annotate/-/ng-annotate-1.0.1.tgz
37 http 200 https://registry.npmjs.org/ng-annotate/-/ng-annotate-1.0.1.tgz
38 verbose tar unpack /home/musembi/tmp/npm-7921-HAPaUxQy/1436776848185-0.912960423855111/tmp.tgz
39 silly lockFile e0bff58e-848185-0-912960423855111-package tar:///home/musembi/tmp/npm-7921-HAPaUxQy/1436776848185-0.912960423855111/package
40 verbose lock tar:///home/musembi/tmp/npm-7921-HAPaUxQy/1436776848185-0.912960423855111/package /home/musembi/.npm/e0bff58e-848185-0-912960423855111-package.lock
41 silly lockFile 1690c531-848185-0-912960423855111-tmp-tgz tar:///home/musembi/tmp/npm-7921-HAPaUxQy/1436776848185-0.912960423855111/tmp.tgz
42 verbose lock tar:///home/musembi/tmp/npm-7921-HAPaUxQy/1436776848185-0.912960423855111/tmp.tgz /home/musembi/.npm/1690c531-848185-0-912960423855111-tmp-tgz.lock
43 silly gunzTarPerm modes [ '755', '644' ]
44 silly gunzTarPerm extractEntry
45 silly gunzTarPerm extractEntry build/
46 silly gunzTarPerm extractEntry BUILD.md
47 silly gunzTarPerm extractEntry CHANGES.md
48 silly gunzTarPerm extractEntry defs-config.json
49 silly gunzTarPerm extractEntry generate-sourcemap.js
50 silly gunzTarPerm extractEntry LICENSE
51 silly gunzTarPerm extractEntry lut.js
52 silly gunzTarPerm extractEntry ng-annotate-harmony
53 silly gunzTarPerm extractEntry ng-annotate-main.js
54 silly gunzTarPerm extractEntry ng-annotate.js
55 silly gunzTarPerm extractEntry nginject.js
56 silly gunzTarPerm extractEntry optionals/
57 silly gunzTarPerm extractEntry package.json
58 silly gunzTarPerm extractEntry plugin-example.js
59 silly gunzTarPerm extractEntry pos-to-linecolumn.js
60 silly gunzTarPerm extractEntry README.md
61 silly gunzTarPerm extractEntry run-tests.js
62 silly gunzTarPerm extractEntry scope.js
63 silly gunzTarPerm extractEntry scopetools.js
64 silly gunzTarPerm extractEntry tests/
65 silly gunzTarPerm extractEntry tests/has_inject.js
66 silly gunzTarPerm extractEntry tests/has_inject_removed.js
67 silly gunzTarPerm extractEntry tests/ngmin-tests/
68 silly gunzTarPerm extractEntry tests/optionals/
69 silly gunzTarPerm extractEntry tests/original.js
70 silly gunzTarPerm extractEntry tests/rename.annotated.js
71 silly gunzTarPerm extractEntry tests/rename.js
72 silly gunzTarPerm extractEntry tests/sourcemaps.annotated.js
73 silly gunzTarPerm extractEntry tests/sourcemaps.coffee
74 silly gunzTarPerm extractEntry tests/todo.js
75 silly gunzTarPerm extractEntry tests/with_annotations.js
76 silly gunzTarPerm extractEntry tests/optionals/angular-dashboard-framework.annotated.js
77 silly gunzTarPerm extractEntry tests/optionals/angular-dashboard-framework.js
78 silly gunzTarPerm extractEntry tests/ngmin-tests/ngmin-issues.txt
79 silly gunzTarPerm extractEntry tests/ngmin-tests/ngmin_original.js
80 silly gunzTarPerm extractEntry tests/ngmin-tests/ngmin_with_annotations.js
81 silly gunzTarPerm extractEntry tests/ngmin-tests/repo/
82 silly gunzTarPerm extractEntry tests/ngmin-tests/repo/chain.js
83 silly gunzTarPerm extractEntry tests/ngmin-tests/repo/directive.js
84 silly gunzTarPerm extractEntry tests/ngmin-tests/repo/INFO
85 silly gunzTarPerm extractEntry tests/ngmin-tests/repo/loader.js
86 silly gunzTarPerm extractEntry tests/ngmin-tests/repo/reference.js
87 silly gunzTarPerm extractEntry tests/ngmin-tests/repo/route-provider.js
88 silly gunzTarPerm extractEntry tests/ngmin-tests/repo/simple.js
89 silly gunzTarPerm extractEntry tests/ngmin-tests/repo/util.js
90 silly gunzTarPerm extractEntry optionals/angular-dashboard-framework.js
91 silly gunzTarPerm extractEntry build/es5/
92 silly gunzTarPerm extractEntry build/es5/generate-sourcemap.js
93 silly gunzTarPerm extractEntry build/es5/lut.js
94 silly gunzTarPerm extractEntry build/es5/ng-annotate
95 silly gunzTarPerm extractEntry build/es5/ng-annotate-main.js
96 silly gunzTarPerm extractEntry build/es5/ng-annotate.js
97 silly gunzTarPerm extractEntry build/es5/nginject.js
98 silly gunzTarPerm extractEntry build/es5/optionals/
99 silly gunzTarPerm extractEntry build/es5/run-tests.js
100 silly gunzTarPerm extractEntry build/es5/scope.js
101 silly gunzTarPerm extractEntry build/es5/scopetools.js
102 silly gunzTarPerm extractEntry build/es5/tests/
103 silly gunzTarPerm extractEntry build/es5/tests/has_inject.js
104 silly gunzTarPerm extractEntry build/es5/tests/has_inject_removed.js
105 silly gunzTarPerm extractEntry build/es5/tests/ngmin-tests/
106 silly gunzTarPerm extractEntry build/es5/tests/optionals/
107 silly gunzTarPerm extractEntry build/es5/tests/original.js
108 silly gunzTarPerm extractEntry build/es5/tests/rename.annotated.js
109 silly gunzTarPerm extractEntry build/es5/tests/rename.js
110 silly gunzTarPerm extractEntry build/es5/tests/sourcemaps.annotated.js
111 silly gunzTarPerm extractEntry build/es5/tests/sourcemaps.coffee
112 silly gunzTarPerm extractEntry build/es5/tests/todo.js
113 silly gunzTarPerm extractEntry build/es5/tests/with_annotations.js
114 silly gunzTarPerm extractEntry build/es5/tests/optionals/angular-dashboard-framework.annotated.js
115 silly gunzTarPerm extractEntry build/es5/tests/optionals/angular-dashboard-framework.js
116 silly gunzTarPerm extractEntry build/es5/tests/ngmin-tests/ngmin-issues.txt
117 silly gunzTarPerm extractEntry build/es5/tests/ngmin-tests/ngmin_original.js
118 silly gunzTarPerm extractEntry build/es5/tests/ngmin-tests/ngmin_with_annotations.js
119 silly gunzTarPerm extractEntry build/es5/tests/ngmin-tests/repo/
120 silly gunzTarPerm extractEntry build/es5/tests/ngmin-tests/repo/chain.js
121 silly gunzTarPerm extractEntry build/es5/tests/ngmin-tests/repo/directive.js
122 silly gunzTarPerm extractEntry build/es5/tests/ngmin-tests/repo/INFO
123 silly gunzTarPerm extractEntry build/es5/tests/ngmin-tests/repo/loader.js
124 silly gunzTarPerm extractEntry build/es5/tests/ngmin-tests/repo/reference.js
125 silly gunzTarPerm extractEntry build/es5/tests/ngmin-tests/repo/route-provider.js
126 silly gunzTarPerm extractEntry build/es5/tests/ngmin-tests/repo/simple.js
127 silly gunzTarPerm extractEntry build/es5/tests/ngmin-tests/repo/util.js
128 silly gunzTarPerm extractEntry build/es5/optionals/angular-dashboard-framework.js
129 silly lockFile e0bff58e-848185-0-912960423855111-package tar:///home/musembi/tmp/npm-7921-HAPaUxQy/1436776848185-0.912960423855111/package
130 silly lockFile e0bff58e-848185-0-912960423855111-package tar:///home/musembi/tmp/npm-7921-HAPaUxQy/1436776848185-0.912960423855111/package
131 silly lockFile 1690c531-848185-0-912960423855111-tmp-tgz tar:///home/musembi/tmp/npm-7921-HAPaUxQy/1436776848185-0.912960423855111/tmp.tgz
132 silly lockFile 1690c531-848185-0-912960423855111-tmp-tgz tar:///home/musembi/tmp/npm-7921-HAPaUxQy/1436776848185-0.912960423855111/tmp.tgz
133 verbose tar pack [ '/home/musembi/.npm/ng-annotate/1.0.1/package.tgz',
133 verbose tar pack   '/home/musembi/tmp/npm-7921-HAPaUxQy/1436776848185-0.912960423855111/package' ]
134 verbose tarball /home/musembi/.npm/ng-annotate/1.0.1/package.tgz
135 verbose folder /home/musembi/tmp/npm-7921-HAPaUxQy/1436776848185-0.912960423855111/package
136 silly lockFile e0bff58e-848185-0-912960423855111-package tar:///home/musembi/tmp/npm-7921-HAPaUxQy/1436776848185-0.912960423855111/package
137 verbose lock tar:///home/musembi/tmp/npm-7921-HAPaUxQy/1436776848185-0.912960423855111/package /home/musembi/.npm/e0bff58e-848185-0-912960423855111-package.lock
138 silly lockFile 1dfa3bcc-pm-ng-annotate-1-0-1-package-tgz tar:///home/musembi/.npm/ng-annotate/1.0.1/package.tgz
139 verbose lock tar:///home/musembi/.npm/ng-annotate/1.0.1/package.tgz /home/musembi/.npm/1dfa3bcc-pm-ng-annotate-1-0-1-package-tgz.lock
140 silly lockFile e0bff58e-848185-0-912960423855111-package tar:///home/musembi/tmp/npm-7921-HAPaUxQy/1436776848185-0.912960423855111/package
141 silly lockFile e0bff58e-848185-0-912960423855111-package tar:///home/musembi/tmp/npm-7921-HAPaUxQy/1436776848185-0.912960423855111/package
142 silly lockFile 1dfa3bcc-pm-ng-annotate-1-0-1-package-tgz tar:///home/musembi/.npm/ng-annotate/1.0.1/package.tgz
143 silly lockFile 1dfa3bcc-pm-ng-annotate-1-0-1-package-tgz tar:///home/musembi/.npm/ng-annotate/1.0.1/package.tgz
144 silly lockFile 733e4b9e-bi-npm-ng-annotate-1-0-1-package /home/musembi/.npm/ng-annotate/1.0.1/package
145 verbose lock /home/musembi/.npm/ng-annotate/1.0.1/package /home/musembi/.npm/733e4b9e-bi-npm-ng-annotate-1-0-1-package.lock
146 silly lockFile 733e4b9e-bi-npm-ng-annotate-1-0-1-package /home/musembi/.npm/ng-annotate/1.0.1/package
147 silly lockFile 733e4b9e-bi-npm-ng-annotate-1-0-1-package /home/musembi/.npm/ng-annotate/1.0.1/package
148 verbose tar unpack /home/musembi/.npm/ng-annotate/1.0.1/package.tgz
149 silly lockFile dcf00810-bi-npm-ng-annotate-1-0-1-package tar:///home/musembi/.npm/ng-annotate/1.0.1/package
150 verbose lock tar:///home/musembi/.npm/ng-annotate/1.0.1/package /home/musembi/.npm/dcf00810-bi-npm-ng-annotate-1-0-1-package.lock
151 silly lockFile 1dfa3bcc-pm-ng-annotate-1-0-1-package-tgz tar:///home/musembi/.npm/ng-annotate/1.0.1/package.tgz
152 verbose lock tar:///home/musembi/.npm/ng-annotate/1.0.1/package.tgz /home/musembi/.npm/1dfa3bcc-pm-ng-annotate-1-0-1-package-tgz.lock
153 silly gunzTarPerm modes [ '755', '644' ]
154 silly gunzTarPerm extractEntry package.json
155 silly gunzTarPerm extractEntry README.md
156 silly gunzTarPerm extractEntry LICENSE
157 silly gunzTarPerm extractEntry generate-sourcemap.js
158 silly gunzTarPerm extractEntry lut.js
159 silly gunzTarPerm extractEntry ng-annotate-main.js
160 silly gunzTarPerm extractEntry plugin-example.js
161 silly gunzTarPerm extractEntry pos-to-linecolumn.js
162 silly gunzTarPerm extractEntry run-tests.js
163 silly gunzTarPerm extractEntry ng-annotate.js
164 silly gunzTarPerm extractEntry scope.js
165 silly gunzTarPerm extractEntry scopetools.js
166 silly gunzTarPerm extractEntry nginject.js
167 silly gunzTarPerm extractEntry build/es5/generate-sourcemap.js
168 silly gunzTarPerm extractEntry build/es5/scopetools.js
169 silly gunzTarPerm extractEntry build/es5/ng-annotate-main.js
170 silly gunzTarPerm extractEntry build/es5/ng-annotate.js
171 silly gunzTarPerm extractEntry build/es5/lut.js
172 silly gunzTarPerm extractEntry build/es5/scope.js
173 silly gunzTarPerm extractEntry build/es5/run-tests.js
174 silly gunzTarPerm extractEntry build/es5/nginject.js
175 silly gunzTarPerm extractEntry build/es5/optionals/angular-dashboard-framework.js
176 silly gunzTarPerm extractEntry build/es5/ng-annotate
177 silly gunzTarPerm extractEntry build/es5/tests/has_inject.js
178 silly gunzTarPerm extractEntry build/es5/tests/todo.js
179 silly gunzTarPerm extractEntry build/es5/tests/sourcemaps.annotated.js
180 silly gunzTarPerm extractEntry build/es5/tests/original.js
181 silly gunzTarPerm extractEntry build/es5/tests/has_inject_removed.js
182 silly gunzTarPerm extractEntry build/es5/tests/rename.js
183 silly gunzTarPerm extractEntry build/es5/tests/with_annotations.js
184 silly gunzTarPerm extractEntry build/es5/tests/rename.annotated.js
185 silly gunzTarPerm extractEntry build/es5/tests/optionals/angular-dashboard-framework.annotated.js
186 silly gunzTarPerm extractEntry build/es5/tests/optionals/angular-dashboard-framework.js
187 silly gunzTarPerm extractEntry build/es5/tests/sourcemaps.coffee
188 silly gunzTarPerm extractEntry build/es5/tests/ngmin-tests/ngmin_original.js
189 silly gunzTarPerm extractEntry build/es5/tests/ngmin-tests/ngmin_with_annotations.js
190 silly gunzTarPerm extractEntry build/es5/tests/ngmin-tests/ngmin-issues.txt
191 silly gunzTarPerm extractEntry build/es5/tests/ngmin-tests/repo/chain.js
192 silly gunzTarPerm extractEntry build/es5/tests/ngmin-tests/repo/directive.js
193 silly gunzTarPerm extractEntry build/es5/tests/ngmin-tests/repo/loader.js
194 silly gunzTarPerm extractEntry build/es5/tests/ngmin-tests/repo/reference.js
195 silly gunzTarPerm extractEntry build/es5/tests/ngmin-tests/repo/route-provider.js
196 silly gunzTarPerm extractEntry build/es5/tests/ngmin-tests/repo/simple.js
197 silly gunzTarPerm extractEntry build/es5/tests/ngmin-tests/repo/util.js
198 silly gunzTarPerm extractEntry build/es5/tests/ngmin-tests/repo/INFO
199 silly gunzTarPerm extractEntry ng-annotate-harmony
200 silly gunzTarPerm extractEntry defs-config.json
201 silly gunzTarPerm extractEntry CHANGES.md
202 silly gunzTarPerm extractEntry BUILD.md
203 silly gunzTarPerm extractEntry optionals/angular-dashboard-framework.js
204 silly gunzTarPerm extractEntry tests/has_inject.js
205 silly gunzTarPerm extractEntry tests/todo.js
206 silly gunzTarPerm extractEntry tests/sourcemaps.annotated.js
207 silly gunzTarPerm extractEntry tests/original.js
208 silly gunzTarPerm extractEntry tests/has_inject_removed.js
209 silly gunzTarPerm extractEntry tests/rename.js
210 silly gunzTarPerm extractEntry tests/with_annotations.js
211 silly gunzTarPerm extractEntry tests/rename.annotated.js
212 silly gunzTarPerm extractEntry tests/optionals/angular-dashboard-framework.annotated.js
213 silly gunzTarPerm extractEntry tests/optionals/angular-dashboard-framework.js
214 silly gunzTarPerm extractEntry tests/sourcemaps.coffee
215 silly gunzTarPerm extractEntry tests/ngmin-tests/ngmin_original.js
216 silly gunzTarPerm extractEntry tests/ngmin-tests/ngmin_with_annotations.js
217 silly gunzTarPerm extractEntry tests/ngmin-tests/ngmin-issues.txt
218 silly gunzTarPerm extractEntry tests/ngmin-tests/repo/chain.js
219 silly gunzTarPerm extractEntry tests/ngmin-tests/repo/directive.js
220 silly gunzTarPerm extractEntry tests/ngmin-tests/repo/loader.js
221 silly gunzTarPerm extractEntry tests/ngmin-tests/repo/reference.js
222 silly gunzTarPerm extractEntry tests/ngmin-tests/repo/route-provider.js
223 silly gunzTarPerm extractEntry tests/ngmin-tests/repo/simple.js
224 silly gunzTarPerm extractEntry tests/ngmin-tests/repo/util.js
225 silly gunzTarPerm extractEntry tests/ngmin-tests/repo/INFO
226 silly lockFile dcf00810-bi-npm-ng-annotate-1-0-1-package tar:///home/musembi/.npm/ng-annotate/1.0.1/package
227 silly lockFile dcf00810-bi-npm-ng-annotate-1-0-1-package tar:///home/musembi/.npm/ng-annotate/1.0.1/package
228 silly lockFile 1dfa3bcc-pm-ng-annotate-1-0-1-package-tgz tar:///home/musembi/.npm/ng-annotate/1.0.1/package.tgz
229 silly lockFile 1dfa3bcc-pm-ng-annotate-1-0-1-package-tgz tar:///home/musembi/.npm/ng-annotate/1.0.1/package.tgz
230 verbose chmod /home/musembi/.npm/ng-annotate/1.0.1/package.tgz 644
231 verbose chown /home/musembi/.npm/ng-annotate/1.0.1/package.tgz [ 1000, 1000 ]
232 silly lockFile 053fa56a-g-annotate-ng-annotate-1-0-1-tgz https://registry.npmjs.org/ng-annotate/-/ng-annotate-1.0.1.tgz
233 silly lockFile 053fa56a-g-annotate-ng-annotate-1-0-1-tgz https://registry.npmjs.org/ng-annotate/-/ng-annotate-1.0.1.tgz
234 silly lockFile 8f8aac8e-ng-annotate-1-0-1 ng-annotate@1.0.1
235 silly lockFile 8f8aac8e-ng-annotate-1-0-1 ng-annotate@1.0.1
236 silly lockFile b1c6a8ab-ng-annotate ng-annotate@
237 silly lockFile b1c6a8ab-ng-annotate ng-annotate@
238 silly resolved [ { name: 'ng-annotate',
238 silly resolved     version: '1.0.1',
238 silly resolved     description: 'add, remove and rebuild angularjs dependency injection annotations',
238 silly resolved     main: 'build/es5/ng-annotate-main.js',
238 silly resolved     repository: { type: 'git', url: 'https://github.com/olov/ng-annotate.git' },
238 silly resolved     dependencies:
238 silly resolved      { acorn: '~2.0.1',
238 silly resolved        alter: '~0.2.0',
238 silly resolved        'convert-source-map': '~1.0.0',
238 silly resolved        optimist: '~0.6.1',
238 silly resolved        'ordered-ast-traverse': '~1.1.1',
238 silly resolved        'simple-fmt': '~0.1.0',
238 silly resolved        'simple-is': '~0.2.0',
238 silly resolved        'source-map': '~0.4.2',
238 silly resolved        stable: '~0.1.5',
238 silly resolved        stringmap: '~0.2.2',
238 silly resolved        stringset: '~0.2.1',
238 silly resolved        tryor: '~0.1.2' },
238 silly resolved     devDependencies:
238 silly resolved      { 'coffee-script': '~1.9.1',
238 silly resolved        defs: '~1.1.0',
238 silly resolved        diff: '~1.3.1',
238 silly resolved        'find-line-column': '~0.5.2' },
238 silly resolved     keywords:
238 silly resolved      [ 'angular',
238 silly resolved        'angularjs',
238 silly resolved        'di',
238 silly resolved        'dependency',
238 silly resolved        'injection',
238 silly resolved        'annotate',
238 silly resolved        'annotation',
238 silly resolved        'annotations',
238 silly resolved        'transformation' ],
238 silly resolved     scripts: { test: 'node --harmony run-tests' },
238 silly resolved     bin: { 'ng-annotate': './build/es5/ng-annotate' },
238 silly resolved     author: { name: 'Olov Lassus', email: 'olov.lassus@gmail.com' },
238 silly resolved     license: 'MIT',
238 silly resolved     readme: '# ng-annotate\nng-annotate adds and removes AngularJS dependency injection annotations.\nIt is non-intrusive so your source code stays exactly the same otherwise.\nNo lost comments or moved lines. Annotations are useful because with them\nyou\'re able to minify your source code using your favorite JS minifier.\n\nYou write your code without annotations, like this:\n\n```js\nangular.module("MyMod").controller("MyCtrl", function($scope, $timeout) {\n});\n```\n\nYou then run ng-annotate as a build-step to produce this intermediary,\nannotated, result (later sent to the minifier):\n\n```js\nangular.module("MyMod").controller("MyCtrl", ["$scope", "$timeout", function($scope, $timeout) {\n}]);\n```\n\nYou can also use ng-annotate to rebuild or remove existing annotations.\nRebuilding is useful if you like to check-in the annotated version of your\nsource code. When refactoring, just change parameter names once and let\nng-annotate rebuild the annotations. Removing is useful if you want to\nde-annotate an existing codebase that came with checked-in annotations\n\n**ng-annotate works by using static analysis to identify common code patterns.\nThere are patterns it does not and never will understand and for those you\ncan use an explicit `ngInject` annotation instead, see section further down.**\n\n\n## Installation and usage\n\n```bash\nnpm install -g ng-annotate\n```\n\nThen run it as `ng-annotate OPTIONS <file>`. The errors (if any) will go to stderr,\nthe transpiled output to stdout.\n\nUse the `--add` (`-a`) option to add annotations where non-existing,\nuse `--remove` (`-r`) to remove all existing annotations,\nuse `--add --remove` (`-ar`) to rebuild all annotations.\n\nUse the `-o` option to write output to file.\n\nProvide `-` instead of an input `<file>` to read input from stdin.\n\nUse the `--sourcemap` option to generate an inline sourcemap.\n\nUse the `--sourceroot` option to set the sourceRoot property of the generated sourcemap.\n\nUse the `--single_quotes` option to output `\'$scope\'` instead of `"$scope"`.\n\nUse the `--regexp` option to restrict matching further or to expand matching.\nSee description further down.\n\nUse the `--list` option to list optional matchers.\n\nUse the `--enable` option to enable optional matcher.\n\n*experimental* Use the `--rename` option to rename providers (services, factories,\ncontrollers, etc.) with a new name when declared and referenced through annotation.\nUse it like this: `--rename oldname1 newname1 oldname2 newname2`\n\n*experimental* Use the `--plugin` option to load a user plugin with the provided path,\n1.x may change API). See [plugin-example.js](plugin-example.js) for more info.\n\n*experimental* Use the `--stats` option to print statistics on stderr.\n\n\n## ES6 and TypeScript support\nng-annotate supports ES5 as input so run it with the output from Babel, Traceur,\nTypeScript (tsc) and the likes. Use `"ngInject";` on functions you want annotated.\nYour transpiler should preserve directive prologues, if not please file a bug on it.\n\n\n## Highly recommended: enable ng-strict-di in your minified builds\n`<div ng-app="myApp" ng-strict-di>`\n\nDo that in your ng-annotate processed builds and AngularJS will let you know if there are\nany missing dependency injection annotations. [ng-strict-di](https://docs.angularjs.org/api/ng/directive/ngApp)\nis available in AngularJS 1.3 or later.\n\n\n## Tools support\n* [Grunt](http://gruntjs.com/): [grunt-ng-annotate](https://www.npmjs.org/package/grunt-ng-annotate) by [Michał Gołębiowski](https://github.com/mzgol)\n* [Browserify](http://browserify.org/): [browserify-ngannotate](https://www.npmjs.org/package/browserify-ngannotate) by [Owen Smith](https://github.com/omsmith)\n* [Brunch](http://brunch.io/): [ng-annotate-uglify-js-brunch](https://www.npmjs.org/package/ng-annotate-uglify-js-brunch) by [Kagami Hiiragi](https://github.com/Kagami)\n* [Gulp](http://gulpjs.com/): [gulp-ng-annotate](https://www.npmjs.org/package/gulp-ng-annotate/) by [Kagami Hiiragi](https://github.com/Kagami)\n* [Broccoli](https://github.com/broccolijs/broccoli): [broccoli-ng-annotate](https://www.npmjs.org/package/broccoli-ng-annotate) by [Gilad Peleg](https://github.com/pgilad)\n* [Rails asset pipeline](http://guides.rubyonrails.org/asset_pipeline.html): [ngannotate-rails](https://rubygems.org/gems/ngannotate-rails) by [Kari Ikonen](https://github.com/kikonen)\n* [Grails asset pipeline](https://github.com/bertramdev/asset-pipeline): [angular-annotate-asset-pipeline](https://github.com/craigburke/angular-annotate-asset-pipeline) by [Craig Burke](https://github.com/craigburke)\n* [Webpack](http://webpack.github.io/): [ng-annotate-webpack-plugin](https://www.npmjs.org/package/ng-annotate-webpack-plugin) by [Chris Liechty](https://github.com/cliechty)\n* [Middleman](http://middlemanapp.com/): [middleman-ngannotate](http://rubygems.org/gems/middleman-ngannotate) by [Michael Siebert](https://github.com/siebertm)\n* [ENB](http://enb-make.info/) (Russian): [enb-ng-techs](https://www.npmjs.org/package/enb-ng-techs#ng-annotate) by [Alexey Gurianov](https://github.com/guria)\n* Something missing? Contributions welcome - create plugin and submit a README pull request!\n\n\n## Changes\nSee [CHANGES.md](CHANGES.md).\n\n\n## Declaration forms\nng-annotate understands the two common declaration forms:\n\nLong form:\n\n```js\nangular.module("MyMod").controller("MyCtrl", function($scope, $timeout) {\n});\n```\n\nShort form:\n\n```js\nmyMod.controller("MyCtrl", function($scope, $timeout) {\n});\n```\n\nIt\'s not limited to `.controller` of course. It understands `.config`, `.factory`,\n`.directive`, `.filter`, `.run`, `.controller`, `.provider`, `.service`, `.animation` and\n`.invoke`.\n\nFor short forms it does not need to see the declaration of `myMod` so you can run it\non your individual source files without concatenating. If ng-annotate detects a short form\nfalse positive then you can use the `--regexp` option to limit the module identifier.\nExamples: `--regexp "^myMod$"` (match only `myMod`) or `--regexp "^$"` (ignore short forms).\nYou can also use `--regexp` to opt-in for more advanced method callee matching, for\nexample `--regexp "^require(.*)$"` to detect and transform\n`require(\'app-module\').controller(..)`. Not using the option is the same as passing\n`--regexp "^[a-zA-Z0-9_\\$\\.\\s]+$"`, which means that the callee can be a (non-unicode)\nidentifier (`foo`), possibly with dot notation (`foo.bar`).\n\nng-annotate understands `angular.module("MyMod", function(dep) ..)` as an alternative to\n`angular.module("MyMod").config(function(dep) ..)`.\n\nng-annotate understands `this.$get = function($scope) ..` and\n`{.., $get: function($scope) ..}` inside a `provider`. `self` and `that` can be used as\naliases for `this`.\n\nng-annotate understands `return {.., controller: function($scope) ..}` inside a\n`directive`.\n\nng-annotate understands `$provide.decorator("bar", function($scope) ..)`, `$provide.service`,\n`$provide.factory` and `$provide.provider`.\n\nng-annotate understands `$routeProvider.when("path", { .. })`.\n\nng-annotate understands `$httpProvider.interceptors.push(function($scope) ..)` and\n`$httpProvider.responseInterceptors.push(function($scope) ..)`.\n\nng-annotate understands `$injector.invoke(function ..)`.\n\nng-annotate understands [ui-router](https://github.com/angular-ui/ui-router) (`$stateProvider` and\n`$urlRouterProvider`).\n\nng-annotate understands `$modal.open` ([angular-ui/bootstrap](http://angular-ui.github.io/bootstrap/)).\n\nng-annotate understands `$mdDialog.show`, `$mdToast.show` and `$mdBottomSheet.show`\n([angular material design](https://material.angularjs.org/#/api/material.components.dialog/service/$mdDialog)).\n\nng-annotate understands `myMod.store("MyCtrl", function ..)`\n([flux-angular](https://github.com/christianalfoni/flux-angular)).\n\nng-annotate understands chaining.\n\nng-annotate understands IIFE\'s and attempts to match through them, so\n`(function() { return function($scope) .. })()` works anywhere\n`function($scope) ..` does (for any IIFE args and params).\n\nng-annotate understands [angular-dashboard-framework](https://github.com/sdorra/angular-dashboard-framework)\nvia optional `--enable angular-dashboard-framework`.\n\n\n## Reference-following\nng-annotate follows references. This works iff the referenced declaration is\na) a function declaration or\nb) a variable declaration with an initializer.\nModifications to a reference outside of its declaration site are ignored by ng-annotate.\n\nThese examples will get annotated:\n\n```js\nfunction MyCtrl($scope, $timeout) {\n}\nvar MyCtrl2 = function($scope) {};\n\nangular.module("MyMod").controller("MyCtrl", MyCtrl);\nangular.module("MyMod").controller("MyCtrl", MyCtrl2);\n```\n\n\n## Explicit annotations with ngInject\nYou can prepend a function with `/*@ngInject*/` to explicitly state that the function\nshould get annotated. ng-annotate will leave the comment intact and will thus still\nbe able to also remove or rewrite such annotations.\n\nYou can also wrap an expression inside an `ngInject(..)` function call. If you use this\nsyntax then add `function ngInject(v) { return v }` somewhere in your codebase, or process\naway the `ngInject` function call in your build step.\n\nYou can also add the `"ngInject"` directive prologue at the beginning of a function,\nsimilar to how `"use strict"` is used, to state that the surrounding function should get\nannotated.\n\nUse `ngInject` to support your code style when it\'s not in a form ng-annotate understands\nnatively. Remember that the intention of ng-annotate is to reduce stuttering for you,\nand `ngInject` does this just as well. You don\'t need to keep two lists in sync. Use it!\n\n`ngInject` may be particularly useful if you use a compile-to-JS language that doesn\'t\npreserve comments.\n\n\n### Suppressing false positives with ngNoInject\nThe `/*@ngInject*/`, `ngInject(..)` and `"ngInject"` siblings have three cousins that\nare used for the opposite purpose, suppressing an annotation that ng-annotate added\nincorrectly (a "false positive"). They are called `/*@ngNoInject*/`, `ngNoInject(..)`\nand `"ngNoInject"` and do exactly what you think they do.\n\n\n### ngInject examples\nHere follows some ngInject examples using the `/*@ngInject*/` syntax. Most examples\nworks fine using the `ngInject(..)` or `"ngInject"` syntax as well.\n\n```js\nx = /*@ngInject*/ function($scope) {};\nobj = {controller: /*@ngInject*/ function($scope) {}};\nobj.bar = /*@ngInject*/ function($scope) {};\n\n=>\n\nx = /*@ngInject*/ ["$scope", function($scope) {}];\nobj = {controller: /*@ngInject*/ ["$scope", function($scope) {}]};\nobj.bar = /*@ngInject*/ ["$scope", function($scope) {}];\n```\n\nPrepended to an object literal, `/*@ngInject*/` will annotate all of its contained\nfunction expressions, recursively:\n\n```js\nobj = /*@ngInject*/ {\n    controller: function($scope) {},\n    resolve: { data: function(Service) {} },\n};\n\n=>\n\nobj = /*@ngInject*/ {\n    controller: ["$scope", function($scope) {}],\n    resolve: { data: ["Service", function(Service) {}] },\n};\n```\n\nPrepended to a function statement, to a single variable declaration initialized with a\nfunction expression or to an assignment where the rvalue is a function expression,\n `/*@ngInject*/` will attach an `$inject` array to the function:\n\n```js\n// @ngInject\nfunction Foo($scope) {}\n\n// @ngInject\nvar foo = function($scope) {}\n\n// @ngInject\nmodule.exports = function($scope) {}\n\n=>\n\n// @ngInject\nfunction Foo($scope) {}\nFoo.$inject = ["$scope"];\n\n// @ngInject\nvar foo = function($scope) {}\nfoo.$inject = ["$scope"];\n\n// @ngInject\nmodule.exports = function($scope) {}\nmodule.exports.$inject = ["$scope"];\n```\n\n\n## Build and test\nng-annotate is written in ES6 constlet style and uses [defs.js](https://github.com/olov/defs)\nto transpile to ES5. See [BUILD.md](BUILD.md) for build and test instructions.\n\n\n## License\n`MIT`, see [LICENSE](LICENSE) file.\n\nng-annotate is written by [Olov Lassus](https://github.com/olov) with the kind help by\n[contributors](https://github.com/olov/ng-annotate/graphs/contributors).\n[Follow @olov](https://twitter.com/olov) on Twitter for updates about ng-annotate.\n\n\n## How does ng-annotate compare to ngmin?\nngmin has been deprecated in favor of ng-annotate. In short:\nng-annotate is much faster, finds more declarations to annotate (including ui-router),\ntreats your source code better, is actively maintained and has a bunch of extra features\non top of that. A much more elaborated answer can be found in\n["The future of ngmin and ng-annotate"](https://github.com/btford/ngmin/issues/93).\n\n*Migrating from ngmin*:\n`ng-annotate -a -` is similar to `ngmin` (use stdin and\nstdout). `ng-annotate -a in.js -o out.js` is similar to `ngmin in.js out.js`. Grunt users\ncan migrate easily by installing\n[grunt-ng-annotate](https://www.npmjs.org/package/grunt-ng-annotate) and replacing `ngmin`\nwith `ngAnnotate` in their Gruntfile. Scroll down for information about other tools.\n\n\n## Library (API)\nng-annotate can be used as a library. See [ng-annotate.js](ng-annotate.js) for further info about\noptions and return value.\n\n```js\nvar ngAnnotate = require("ng-annotate");\nvar somePlugin = require("./some/path/some-plugin");\nvar res = ngAnnotate(src, {\n    add: true,\n    plugin: [somePlugin],\n    rename: [{from: "generalname", to: "uniquename"}, {from: "alpha", to: "beta"}],\n    map: { inline: false, inFile: "source.js", sourceRoot: "/path/to/source/root" },\n    enable: ["angular-dashboard-framework"],\n});\nvar errorstringArray = res.errors;\nvar transformedSource = res.src;\nvar transformedSourceMap = res.map;\n```\n',
238 silly resolved     readmeFilename: 'README.md',
238 silly resolved     bugs: { url: 'https://github.com/olov/ng-annotate/issues' },
238 silly resolved     _id: 'ng-annotate@1.0.1',
238 silly resolved     dist: { shasum: '8a02336a5aa1285a1db463f55e9381fa055a25aa' },
238 silly resolved     _from: 'ng-annotate@',
238 silly resolved     _resolved: 'https://registry.npmjs.org/ng-annotate/-/ng-annotate-1.0.1.tgz' } ]
239 info install ng-annotate@1.0.1 into /usr/local/lib
240 info installOne ng-annotate@1.0.1
241 info /usr/local/lib/node_modules/ng-annotate unbuild
242 verbose tar unpack /home/musembi/.npm/ng-annotate/1.0.1/package.tgz
243 silly lockFile fe519b57-cal-lib-node-modules-ng-annotate tar:///usr/local/lib/node_modules/ng-annotate
244 verbose lock tar:///usr/local/lib/node_modules/ng-annotate /home/musembi/.npm/fe519b57-cal-lib-node-modules-ng-annotate.lock
245 silly lockFile 1dfa3bcc-pm-ng-annotate-1-0-1-package-tgz tar:///home/musembi/.npm/ng-annotate/1.0.1/package.tgz
246 verbose lock tar:///home/musembi/.npm/ng-annotate/1.0.1/package.tgz /home/musembi/.npm/1dfa3bcc-pm-ng-annotate-1-0-1-package-tgz.lock
247 silly gunzTarPerm modes [ '755', '644' ]
248 error Error: EACCES, mkdir '/usr/local/lib/node_modules/ng-annotate'
248 error  { [Error: EACCES, mkdir '/usr/local/lib/node_modules/ng-annotate']
248 error   errno: 3,
248 error   code: 'EACCES',
248 error   path: '/usr/local/lib/node_modules/ng-annotate',
248 error   fstream_type: 'Directory',
248 error   fstream_path: '/usr/local/lib/node_modules/ng-annotate',
248 error   fstream_class: 'DirWriter',
248 error   fstream_stack:
248 error    [ '/usr/lib/nodejs/fstream/lib/dir-writer.js:36:23',
248 error      '/usr/lib/nodejs/mkdirp/index.js:37:53',
248 error      'Object.oncomplete (fs.js:107:15)' ] }
249 error Please try running this command again as root/Administrator.
250 error System Linux 3.13.0-24-generic
251 error command "/usr/bin/nodejs" "/usr/bin/npm" "install" "-g" "ng-annotate"
252 error cwd /home/musembi/savannah/jmusembi-github.io/ng-book/dependencyInjection
253 error node -v v0.10.25
254 error npm -v 1.3.10
255 error path /usr/local/lib/node_modules/ng-annotate
256 error fstream_path /usr/local/lib/node_modules/ng-annotate
257 error fstream_type Directory
258 error fstream_class DirWriter
259 error code EACCES
260 error errno 3
261 error stack Error: EACCES, mkdir '/usr/local/lib/node_modules/ng-annotate'
262 error fstream_stack /usr/lib/nodejs/fstream/lib/dir-writer.js:36:23
262 error fstream_stack /usr/lib/nodejs/mkdirp/index.js:37:53
262 error fstream_stack Object.oncomplete (fs.js:107:15)
263 verbose exit [ 3, true ]
